<?xml version="1.0" encoding="UTF-8"?>
<!-- Generated by org.testng.reporters.JUnitReportReporter -->
<testsuite hostname="LAPTOP-67M1RKGT" failures="0" tests="3" name="com.qa.hrm.Tests.HomePageTest" time="3.182" errors="0" timestamp="2020-10-18T19:11:02 IST" skipped="0">
  <testcase classname="com.qa.hrm.Tests.HomePageTest" name="verifyHomePageTitle" time="3.029"/>
  <system-out/>
  <testcase classname="com.qa.hrm.Tests.HomePageTest" name="verifyManagerLink" time="0.089"/>
  <system-out/>
  <testcase classname="com.qa.hrm.Tests.HomePageTest" name="verifyPageHeader" time="0.064"/>
  <system-out/>
</testsuite> <!-- com.qa.hrm.Tests.HomePageTest -->
