<?xml version="1.0" encoding="UTF-8"?>
<!-- Generated by org.testng.reporters.JUnitReportReporter -->
<testsuite hostname="LAPTOP-67M1RKGT" failures="0" tests="3" name="com.qa.hrm.Tests.LoginPageTest" time="2.742" errors="0" timestamp="2020-10-18T22:26:25 IST" skipped="0">
  <testcase classname="com.qa.hrm.Tests.LoginPageTest" name="verifyLoginPageTitle" time="0.037"/>
  <system-out/>
  <testcase classname="com.qa.hrm.Tests.LoginPageTest" name="verifyResetButton" time="0.046"/>
  <system-out/>
  <testcase classname="com.qa.hrm.Tests.LoginPageTest" name="doLoginTest" time="2.659"/>
  <system-out/>
</testsuite> <!-- com.qa.hrm.Tests.LoginPageTest -->
