<?xml version="1.0" encoding="UTF-8"?>
<!-- Generated by org.testng.reporters.JUnitReportReporter -->
<testsuite hostname="LAPTOP-67M1RKGT" failures="0" tests="3" name="com.qa.hrm.Tests.LoginPageTest" time="2.761" errors="0" timestamp="2020-10-18T19:11:02 IST" skipped="0">
  <testcase classname="com.qa.hrm.Tests.LoginPageTest" name="verifyLoginPageTitle" time="0.053"/>
  <system-out/>
  <testcase classname="com.qa.hrm.Tests.LoginPageTest" name="verifyResetButton" time="0.080"/>
  <system-out/>
  <testcase classname="com.qa.hrm.Tests.LoginPageTest" name="doLoginTest" time="2.628"/>
  <system-out/>
</testsuite> <!-- com.qa.hrm.Tests.LoginPageTest -->
