<?xml version="1.0" encoding="UTF-8"?>
<!-- Generated by org.testng.reporters.JUnitReportReporter -->
<testsuite skipped="0" hostname="LAPTOP-67M1RKGT" name="com.qa.hrm.Tests.LoginPageTest" tests="3" failures="0" timestamp="2020-10-20T08:06:33 IST" time="9.294" errors="0">
  <testcase name="verifyLoginPageTitle" time="2.456" classname="com.qa.hrm.Tests.LoginPageTest"/>
  <system-out/>
  <testcase name="verifyResetButton" time="0.762" classname="com.qa.hrm.Tests.LoginPageTest"/>
  <system-out/>
  <testcase name="doLoginTest" time="6.076" classname="com.qa.hrm.Tests.LoginPageTest"/>
  <system-out/>
</testsuite> <!-- com.qa.hrm.Tests.LoginPageTest -->
