<?xml version="1.0" encoding="UTF-8"?>
<!-- Generated by org.testng.reporters.JUnitReportReporter -->
<testsuite skipped="0" hostname="LAPTOP-67M1RKGT" name="com.qa.hrm.Tests.HomePageTest" tests="3" failures="0" timestamp="2020-10-20T08:06:33 IST" time="6.466" errors="0">
  <testcase name="verifyHomePageTitle" time="5.544" classname="com.qa.hrm.Tests.HomePageTest"/>
  <system-out/>
  <testcase name="verifyManagerLink" time="0.056" classname="com.qa.hrm.Tests.HomePageTest"/>
  <system-out/>
  <testcase name="verifyPageHeader" time="0.866" classname="com.qa.hrm.Tests.HomePageTest"/>
  <system-out/>
</testsuite> <!-- com.qa.hrm.Tests.HomePageTest -->
