<?xml version="1.0" encoding="UTF-8"?>
<!-- Generated by org.testng.reporters.JUnitReportReporter -->
<testsuite skipped="0" hostname="LAPTOP-67M1RKGT" name="com.qa.hrm.Tests.LoginPageTest" tests="3" failures="0" timestamp="2020-10-18T08:16:59 IST" time="1.827" errors="0">
  <testcase name="verifyLoginPageTitle" time="0.060" classname="com.qa.hrm.Tests.LoginPageTest"/>
  <system-out/>
  <testcase name="verifyResetButton" time="0.540" classname="com.qa.hrm.Tests.LoginPageTest"/>
  <system-out/>
  <testcase name="doLoginTest" time="1.227" classname="com.qa.hrm.Tests.LoginPageTest"/>
  <system-out/>
</testsuite> <!-- com.qa.hrm.Tests.LoginPageTest -->
